Determining if the pthread_create exist failed with the following output:
Change Dir: /home/phoenix/ProjetUE/AirportEnvironment/project-build/CMakeFiles/CMakeTmp

Run Build Command:"/usr/bin/make" "cmTC_cf981/fast"
make[1] : on entre dans le répertoire « /home/phoenix/ProjetUE/AirportEnvironment/project-build/CMakeFiles/CMakeTmp »
/usr/bin/make -f CMakeFiles/cmTC_cf981.dir/build.make CMakeFiles/cmTC_cf981.dir/build
make[2] : on entre dans le répertoire « /home/phoenix/ProjetUE/AirportEnvironment/project-build/CMakeFiles/CMakeTmp »
Building C object CMakeFiles/cmTC_cf981.dir/CheckSymbolExists.c.o
/usr/bin/cc     -o CMakeFiles/cmTC_cf981.dir/CheckSymbolExists.c.o   -c /home/phoenix/ProjetUE/AirportEnvironment/project-build/CMakeFiles/CMakeTmp/CheckSymbolExists.c
Linking C executable cmTC_cf981
/usr/bin/cmake -E cmake_link_script CMakeFiles/cmTC_cf981.dir/link.txt --verbose=1
/usr/bin/cc       CMakeFiles/cmTC_cf981.dir/CheckSymbolExists.c.o  -o cmTC_cf981 -rdynamic 
CMakeFiles/cmTC_cf981.dir/CheckSymbolExists.c.o : Dans la fonction « main » :
CheckSymbolExists.c:(.text+0x16) : référence indéfinie vers « pthread_create »
collect2: error: ld returned 1 exit status
CMakeFiles/cmTC_cf981.dir/build.make:97 : la recette pour la cible « cmTC_cf981 » a échouée
make[2]: *** [cmTC_cf981] Erreur 1
make[2] : on quitte le répertoire « /home/phoenix/ProjetUE/AirportEnvironment/project-build/CMakeFiles/CMakeTmp »
Makefile:126 : la recette pour la cible « cmTC_cf981/fast » a échouée
make[1]: *** [cmTC_cf981/fast] Erreur 2
make[1] : on quitte le répertoire « /home/phoenix/ProjetUE/AirportEnvironment/project-build/CMakeFiles/CMakeTmp »

File /home/phoenix/ProjetUE/AirportEnvironment/project-build/CMakeFiles/CMakeTmp/CheckSymbolExists.c:
/* */
#include <pthread.h>

int main(int argc, char** argv)
{
  (void)argv;
#ifndef pthread_create
  return ((int*)(&pthread_create))[argc];
#else
  (void)argc;
  return 0;
#endif
}

Determining if the function pthread_create exists in the pthreads failed with the following output:
Change Dir: /home/phoenix/ProjetUE/AirportEnvironment/project-build/CMakeFiles/CMakeTmp

Run Build Command:"/usr/bin/make" "cmTC_fb2c4/fast"
make[1] : on entre dans le répertoire « /home/phoenix/ProjetUE/AirportEnvironment/project-build/CMakeFiles/CMakeTmp »
/usr/bin/make -f CMakeFiles/cmTC_fb2c4.dir/build.make CMakeFiles/cmTC_fb2c4.dir/build
make[2] : on entre dans le répertoire « /home/phoenix/ProjetUE/AirportEnvironment/project-build/CMakeFiles/CMakeTmp »
Building C object CMakeFiles/cmTC_fb2c4.dir/CheckFunctionExists.c.o
/usr/bin/cc    -DCHECK_FUNCTION_EXISTS=pthread_create   -o CMakeFiles/cmTC_fb2c4.dir/CheckFunctionExists.c.o   -c /usr/share/cmake-3.5/Modules/CheckFunctionExists.c
Linking C executable cmTC_fb2c4
/usr/bin/cmake -E cmake_link_script CMakeFiles/cmTC_fb2c4.dir/link.txt --verbose=1
/usr/bin/cc   -DCHECK_FUNCTION_EXISTS=pthread_create    CMakeFiles/cmTC_fb2c4.dir/CheckFunctionExists.c.o  -o cmTC_fb2c4 -rdynamic -lpthreads 
/usr/bin/ld : ne peut trouver -lpthreads
collect2: error: ld returned 1 exit status
CMakeFiles/cmTC_fb2c4.dir/build.make:97 : la recette pour la cible « cmTC_fb2c4 » a échouée
make[2]: *** [cmTC_fb2c4] Erreur 1
make[2] : on quitte le répertoire « /home/phoenix/ProjetUE/AirportEnvironment/project-build/CMakeFiles/CMakeTmp »
Makefile:126 : la recette pour la cible « cmTC_fb2c4/fast » a échouée
make[1]: *** [cmTC_fb2c4/fast] Erreur 2
make[1] : on quitte le répertoire « /home/phoenix/ProjetUE/AirportEnvironment/project-build/CMakeFiles/CMakeTmp »


