[36m--[0m Using CATKIN_DEVEL_PREFIX: /home/phoenix/ProjetUE/husky/devel/.private/begginer_tutorials
[36m--[0m Using CMAKE_PREFIX_PATH: /home/phoenix/ProjetUE/husky/devel;/opt/ros/kinetic
[36m--[0m This workspace overlays: /home/phoenix/ProjetUE/husky/devel;/opt/ros/kinetic
[36m--[0m Using PYTHON_EXECUTABLE: /usr/bin/python
[36m--[0m Using Debian Python package layout
[36m--[0m Using empy: /usr/bin/empy
[36m--[0m Using CATKIN_ENABLE_TESTING: ON
[36m--[0m Call enable_testing()
[36m--[0m Using CATKIN_TEST_RESULTS_DIR: /home/phoenix/ProjetUE/husky/build/begginer_tutorials/test_results
[36m--[0m Found gmock sources under '/usr/src/gmock': gmock will be built
[36m--[0m Found gtest sources under '/usr/src/gmock': gtests will be built
[36m--[0m Using Python nosetests: /usr/bin/nosetests-2.7
[36m--[0m catkin 0.7.11
[36m--[0m Using these message generators: gencpp;geneus;genlisp;gennodejs;genpy
[31m[1mCMake Error[0m at /opt/ros/kinetic/share/genmsg/cmake/genmsg-extras.cmake:94 (message):
  add_message_files() directory not found:
  /home/phoenix/ProjetUE/husky/src/begginer_tutorials/msg
[36mCall Stack (most recent call first):[0m
  CMakeLists.txt:204 (add_message_files)


[36m--[0m Configuring incomplete, errors occurred!
See also "/home/phoenix/ProjetUE/husky/build/begginer_tutorials/CMakeFiles/CMakeOutput.log".
See also "/home/phoenix/ProjetUE/husky/build/begginer_tutorials/CMakeFiles/CMakeError.log".
make: *** [cmake_check_build_system] Erreur 1
